app/build/outputs/logs/manifest-merger-free-debug-report.txt
-- Merging decision tree log ---
manifest
ADDED from src\main\AndroidManifest.xml:18:1-154:12
	package
		ADDED from src\main\AndroidManifest.xml:20:5-39
		INJECTED from src\main\AndroidManifest.xml
		ADDED from src\main\AndroidManifest.xml:20:5-39
		INJECTED from src\free\AndroidManifest.xml
	android:versionName
		INJECTED from src\main\AndroidManifest.xml
		ADDED from src\main\AndroidManifest.xml:18:1-154:12
		INJECTED from src\free\AndroidManifest.xml
	xmlns:android
		ADDED from src\main\AndroidManifest.xml:18:11-69
	android:versionCode
		INJECTED from src\main\AndroidManifest.xml
		ADDED from src\main\AndroidManifest.xml:18:1-154:12
		INJECTED from src\free\AndroidManifest.xml
	android:installLocation
		ADDED from src\main\AndroidManifest.xml:19:5-35
		ADDED from src\main\AndroidManifest.xml:19:5-35
uses-feature#android.hardware.microphone
ADDED from src\main\AndroidManifest.xml:22:5-24:36
	android:required
		ADDED from src\main\AndroidManifest.xml:24:9-33
	android:name
		ADDED from src\main\AndroidManifest.xml:23:9-51
uses-permission#android.permission.RECORD_AUDIO
ADDED from src\main\AndroidManifest.xml:26:5-71
	android:name
		ADDED from src\main\AndroidManifest.xml:26:22-68
uses-permission#android.permission.INTERNET
ADDED from src\main\AndroidManifest.xml:27:5-67
MERGED from [AyandapPlumble.libraries:Jumble:unspecified] AndroidManifest.xml:27:5-67
	android:name
		ADDED from src\main\AndroidManifest.xml:27:22-64
uses-permission#android.permission.READ_EXTERNAL_STORAGE
ADDED from src\main\AndroidManifest.xml:28:5-80
	android:name
		ADDED from src\main\AndroidManifest.xml:28:22-77
uses-permission#android.permission.WRITE_EXTERNAL_STORAGE
ADDED from src\main\AndroidManifest.xml:29:5-81
	android:name
		ADDED from src\main\AndroidManifest.xml:29:22-78
uses-permission#android.permission.WAKE_LOCK
ADDED from src\main\AndroidManifest.xml:30:5-68
	android:name
		ADDED from src\main\AndroidManifest.xml:30:22-65
uses-permission#android.permission.SYSTEM_ALERT_WINDOW
ADDED from src\main\AndroidManifest.xml:31:5-78
	android:name
		ADDED from src\main\AndroidManifest.xml:31:22-75
uses-permission#android.permission.VIBRATE
ADDED from src\main\AndroidManifest.xml:32:5-66
	android:name
		ADDED from src\main\AndroidManifest.xml:32:22-63
uses-permission#android.permission.MODIFY_AUDIO_SETTINGS
ADDED from src\main\AndroidManifest.xml:33:5-80
	android:name
		ADDED from src\main\AndroidManifest.xml:33:22-77
uses-permission#android.permission.BLUETOOTH
ADDED from src\main\AndroidManifest.xml:34:5-68
	android:name
		ADDED from src\main\AndroidManifest.xml:34:22-65
uses-permission#android.permission.BROADCAST_STICKY
ADDED from src\main\AndroidManifest.xml:35:5-75
	android:name
		ADDED from src\main\AndroidManifest.xml:35:22-72
application
ADDED from src\main\AndroidManifest.xml:37:5-152:19
MERGED from src\main\AndroidManifest.xml:37:5-152:19
MERGED from [AyandapPlumble.libraries:Jumble:unspecified] AndroidManifest.xml:30:5-39:19
MERGED from [com.android.support:cardview-v7:25.3.1] AndroidManifest.xml:26:5-20
MERGED from [com.android.support:palette-v7:25.3.1] AndroidManifest.xml:26:5-20
MERGED from [com.android.support:design:25.3.1] AndroidManifest.xml:29:5-20
MERGED from [com.android.support:appcompat-v7:25.3.1] AndroidManifest.xml:29:5-20
MERGED from [com.android.support:animated-vector-drawable:25.3.1] AndroidManifest.xml:26:5-20
MERGED from [com.android.support:support-vector-drawable:25.3.1] AndroidManifest.xml:26:5-20
MERGED from [com.android.support:transition:25.3.1] AndroidManifest.xml:26:5-20
MERGED from [com.android.support:support-v4:25.3.1] AndroidManifest.xml:29:5-20
MERGED from [com.android.support:support-fragment:25.3.1] AndroidManifest.xml:29:5-20
MERGED from [com.android.support:support-media-compat:25.3.1] AndroidManifest.xml:29:5-20
MERGED from [com.android.support:support-core-ui:25.3.1] AndroidManifest.xml:29:5-20
MERGED from [com.android.support:support-core-utils:25.3.1] AndroidManifest.xml:29:5-20
MERGED from [com.android.support:support-compat:25.3.1] AndroidManifest.xml:29:5-20
	android:label
		ADDED from src\main\AndroidManifest.xml:40:9-41
		ADDED from src\main\AndroidManifest.xml:40:9-41
	android:supportsRtl
		ADDED from src\main\AndroidManifest.xml:41:9-35
		ADDED from src\main\AndroidManifest.xml:41:9-35
	android:allowBackup
		ADDED from src\main\AndroidManifest.xml:38:9-35
		ADDED from src\main\AndroidManifest.xml:38:9-35
	android:icon
		ADDED from src\main\AndroidManifest.xml:39:9-45
		ADDED from src\main\AndroidManifest.xml:39:9-45
	android:theme
		ADDED from src\main\AndroidManifest.xml:42:9-45
		ADDED from src\main\AndroidManifest.xml:42:9-45
	android:name
		ADDED from src\main\AndroidManifest.xml:43:9-68
		ADDED from src\main\AndroidManifest.xml:43:9-68
activity#com.morlunk.mumbleclient.wizard.WizardActivity
ADDED from src\main\AndroidManifest.xml:44:9-59
	android:name
		ADDED from src\main\AndroidManifest.xml:44:19-56
activity#com.morlunk.mumbleclient.preference.Preferences
ADDED from src\main\AndroidManifest.xml:45:9-73:20
	android:parentActivityName
		ADDED from src\main\AndroidManifest.xml:47:13-62
	android:name
		ADDED from src\main\AndroidManifest.xml:46:13-51
intent-filter#android.intent.category.DEFAULT+com.morlunk.mumbleclient.app.PREFS_GENERAL
ADDED from src\main\AndroidManifest.xml:48:13-52:29
action#com.morlunk.mumbleclient.app.PREFS_GENERAL
ADDED from src\main\AndroidManifest.xml:49:17-85
	android:name
		ADDED from src\main\AndroidManifest.xml:49:25-82
category#android.intent.category.DEFAULT
ADDED from src\main\AndroidManifest.xml:51:17-76
	android:name
		ADDED from src\main\AndroidManifest.xml:51:27-73
intent-filter#android.intent.category.DEFAULT+com.morlunk.mumbleclient.app.PREFS_AUTHENTICATION
ADDED from src\main\AndroidManifest.xml:53:13-57:29
action#com.morlunk.mumbleclient.app.PREFS_AUTHENTICATION
ADDED from src\main\AndroidManifest.xml:54:17-92
	android:name
		ADDED from src\main\AndroidManifest.xml:54:25-89
intent-filter#android.intent.category.DEFAULT+com.morlunk.mumbleclient.app.PREFS_AUDIO
ADDED from src\main\AndroidManifest.xml:58:13-62:29
action#com.morlunk.mumbleclient.app.PREFS_AUDIO
ADDED from src\main\AndroidManifest.xml:59:17-83
	android:name
		ADDED from src\main\AndroidManifest.xml:59:25-80
intent-filter#android.intent.category.DEFAULT+com.morlunk.mumbleclient.app.PREFS_APPEARANCE
ADDED from src\main\AndroidManifest.xml:63:13-67:29
action#com.morlunk.mumbleclient.app.PREFS_APPEARANCE
ADDED from src\main\AndroidManifest.xml:64:17-88
	android:name
		ADDED from src\main\AndroidManifest.xml:64:25-85
intent-filter#android.intent.category.DEFAULT+com.morlunk.mumbleclient.app.PREFS_ABOUT
ADDED from src\main\AndroidManifest.xml:68:13-72:29
action#com.morlunk.mumbleclient.app.PREFS_ABOUT
ADDED from src\main\AndroidManifest.xml:69:17-83
	android:name
		ADDED from src\main\AndroidManifest.xml:69:25-80
service#com.morlunk.mumbleclient.service.PlumbleService
ADDED from src\main\AndroidManifest.xml:75:9-77:38
	android:enabled
		ADDED from src\main\AndroidManifest.xml:77:13-35
	android:name
		ADDED from src\main\AndroidManifest.xml:76:13-51
activity#com.morlunk.mumbleclient.app.PlumbleActivity
ADDED from src\main\AndroidManifest.xml:79:9-100:20
	android:label
		ADDED from src\main\AndroidManifest.xml:81:13-45
	android:launchMode
		ADDED from src\main\AndroidManifest.xml:82:13-43
	android:name
		ADDED from src\main\AndroidManifest.xml:80:13-48
intent-filter#android.intent.action.SEARCH
ADDED from src\main\AndroidManifest.xml:84:13-86:29
action#android.intent.action.SEARCH
ADDED from src\main\AndroidManifest.xml:85:17-71
	android:name
		ADDED from src\main\AndroidManifest.xml:85:25-68
meta-data#android.app.searchable
ADDED from src\main\AndroidManifest.xml:88:13-90:54
	android:resource
		ADDED from src\main\AndroidManifest.xml:90:17-51
	android:name
		ADDED from src\main\AndroidManifest.xml:89:17-54
intent-filter#android.intent.action.VIEW+android.intent.category.BROWSABLE+android.intent.category.DEFAULT
ADDED from src\main\AndroidManifest.xml:92:13-99:29
action#android.intent.action.VIEW
ADDED from src\main\AndroidManifest.xml:93:17-69
	android:name
		ADDED from src\main\AndroidManifest.xml:93:25-66
category#android.intent.category.BROWSABLE
ADDED from src\main\AndroidManifest.xml:96:17-78
	android:name
		ADDED from src\main\AndroidManifest.xml:96:27-75
data
ADDED from src\main\AndroidManifest.xml:98:17-49
	android:scheme
		ADDED from src\main\AndroidManifest.xml:98:23-46
activity#com.morlunk.mumbleclient.preference.CertificateSelectActivity
ADDED from src\main\AndroidManifest.xml:102:9-108:20
	android:theme
		ADDED from src\main\AndroidManifest.xml:103:19-75
	android:name
		ADDED from src\main\AndroidManifest.xml:102:19-71
intent-filter#android.intent.category.DEFAULT+com.morlunk.mumbleclient.app.CERTIFICATE_SELECT
ADDED from src\main\AndroidManifest.xml:104:13-107:29
action#com.morlunk.mumbleclient.app.CERTIFICATE_SELECT
ADDED from src\main\AndroidManifest.xml:105:17-90
	android:name
		ADDED from src\main\AndroidManifest.xml:105:25-87
activity#com.morlunk.mumbleclient.preference.CertificateImportActivity
ADDED from src\main\AndroidManifest.xml:109:9-115:20
	android:theme
		ADDED from src\main\AndroidManifest.xml:110:19-75
	android:name
		ADDED from src\main\AndroidManifest.xml:109:19-71
intent-filter#android.intent.category.DEFAULT+com.morlunk.mumbleclient.app.CERTIFICATE_IMPORT
ADDED from src\main\AndroidManifest.xml:111:13-114:29
action#com.morlunk.mumbleclient.app.CERTIFICATE_IMPORT
ADDED from src\main\AndroidManifest.xml:112:17-90
	android:name
		ADDED from src\main\AndroidManifest.xml:112:25-87
activity#com.morlunk.mumbleclient.preference.CertificateExportActivity
ADDED from src\main\AndroidManifest.xml:116:9-122:20
	android:theme
		ADDED from src\main\AndroidManifest.xml:117:19-75
	android:name
		ADDED from src\main\AndroidManifest.xml:116:19-71
intent-filter#android.intent.category.DEFAULT+com.morlunk.mumbleclient.app.CERTIFICATE_EXPORT
ADDED from src\main\AndroidManifest.xml:118:13-121:29
action#com.morlunk.mumbleclient.app.CERTIFICATE_EXPORT
ADDED from src\main\AndroidManifest.xml:119:17-90
	android:name
		ADDED from src\main\AndroidManifest.xml:119:25-87
activity#com.morlunk.mumbleclient.preference.CertificateGenerateActivity
ADDED from src\main\AndroidManifest.xml:123:9-129:20
	android:theme
		ADDED from src\main\AndroidManifest.xml:124:19-75
	android:name
		ADDED from src\main\AndroidManifest.xml:123:19-73
intent-filter#android.intent.category.DEFAULT+com.morlunk.mumbleclient.app.CERTIFICATE_GENERATE
ADDED from src\main\AndroidManifest.xml:125:13-128:29
action#com.morlunk.mumbleclient.app.CERTIFICATE_GENERATE
ADDED from src\main\AndroidManifest.xml:126:17-92
	android:name
		ADDED from src\main\AndroidManifest.xml:126:25-89
activity#com.morlunk.mumbleclient.preference.ServerCertificateClearActivity
ADDED from src\main\AndroidManifest.xml:130:9-136:20
	android:theme
		ADDED from src\main\AndroidManifest.xml:131:19-75
	android:name
		ADDED from src\main\AndroidManifest.xml:130:19-76
intent-filter#android.intent.category.DEFAULT+com.morlunk.mumbleclient.app.CLEAR_SERVER_CERTIFICATES
ADDED from src\main\AndroidManifest.xml:132:13-135:29
action#com.morlunk.mumbleclient.app.CLEAR_SERVER_CERTIFICATES
ADDED from src\main\AndroidManifest.xml:133:17-97
	android:name
		ADDED from src\main\AndroidManifest.xml:133:25-94
activity#com.morlunk.mumbleclient.app.Login
ADDED from src\main\AndroidManifest.xml:138:7-144:18
	android:label
		ADDED from src\main\AndroidManifest.xml:139:17-46
	android:name
		ADDED from src\main\AndroidManifest.xml:138:17-42
intent-filter#android.intent.action.MAIN+android.intent.category.LAUNCHER
ADDED from src\main\AndroidManifest.xml:140:9-143:25
action#android.intent.action.MAIN
ADDED from src\main\AndroidManifest.xml:141:11-63
	android:name
		ADDED from src\main\AndroidManifest.xml:141:19-60
category#android.intent.category.LAUNCHER
ADDED from src\main\AndroidManifest.xml:142:11-71
	android:name
		ADDED from src\main\AndroidManifest.xml:142:21-68
activity#com.morlunk.mumbleclient.app.Verification
ADDED from src\main\AndroidManifest.xml:145:7-147:18
	android:label
		ADDED from src\main\AndroidManifest.xml:146:17-53
	android:name
		ADDED from src\main\AndroidManifest.xml:145:17-49
activity#com.morlunk.mumbleclient.app.Signup
ADDED from src\main\AndroidManifest.xml:148:7-150:18
	android:label
		ADDED from src\main\AndroidManifest.xml:149:17-47
	android:name
		ADDED from src\main\AndroidManifest.xml:148:17-43
uses-sdk
INJECTED from src\main\AndroidManifest.xml reason: use-sdk injection requested
MERGED from [AyandapPlumble.libraries:Jumble:unspecified] AndroidManifest.xml:23:5-25:41
MERGED from [com.android.support:cardview-v7:25.3.1] AndroidManifest.xml:20:5-43
MERGED from [com.android.support:palette-v7:25.3.1] AndroidManifest.xml:20:5-43
MERGED from [com.android.support:design:25.3.1] AndroidManifest.xml:21:5-23:62
MERGED from [com.android.support:appcompat-v7:25.3.1] AndroidManifest.xml:21:5-23:78
MERGED from [com.android.support:animated-vector-drawable:25.3.1] AndroidManifest.xml:20:5-44
MERGED from [com.android.support:support-vector-drawable:25.3.1] AndroidManifest.xml:20:5-43
MERGED from [com.android.support:recyclerview-v7:25.3.1] AndroidManifest.xml:20:5-43
MERGED from [com.android.support:transition:25.3.1] AndroidManifest.xml:20:5-44
MERGED from [com.android.support:support-v4:25.3.1] AndroidManifest.xml:21:5-23:54
MERGED from [com.android.support:support-fragment:25.3.1] AndroidManifest.xml:21:5-23:60
MERGED from [com.android.support:support-media-compat:25.3.1] AndroidManifest.xml:21:5-23:63
MERGED from [com.android.support:support-core-ui:25.3.1] AndroidManifest.xml:21:5-23:58
MERGED from [com.android.support:support-core-utils:25.3.1] AndroidManifest.xml:21:5-23:61
MERGED from [com.android.support:support-compat:25.3.1] AndroidManifest.xml:21:5-23:58
MERGED from [com.android.support:multidex:1.0.1] AndroidManifest.xml:18:5-42
	tools:overrideLibrary
		ADDED from [com.android.support:design:25.3.1] AndroidManifest.xml:23:9-59
	android:targetSdkVersion
		INJECTED from src\main\AndroidManifest.xml
		INJECTED from src\free\AndroidManifest.xml
	android:minSdkVersion
		INJECTED from src\main\AndroidManifest.xml
		INJECTED from src\free\AndroidManifest.xml
uses-permission#android.permission.ACCESS_NETWORK_STATE
ADDED from [AyandapPlumble.libraries:Jumble:unspecified] AndroidManifest.xml:28:5-79
	android:name
		ADDED from [AyandapPlumble.libraries:Jumble:unspecified] AndroidManifest.xml:28:22-76
service#com.morlunk.jumble.JumbleService
ADDED from [AyandapPlumble.libraries:Jumble:unspecified] AndroidManifest.xml:31:9-38:19
	android:exported
		ADDED from [AyandapPlumble.libraries:Jumble:unspecified] AndroidManifest.xml:33:13-36
	android:name
		ADDED from [AyandapPlumble.libraries:Jumble:unspecified] AndroidManifest.xml:32:13-60
intent-filter#com.morlunk.jumble.ACTION_CONNECT+com.morlunk.jumble.ACTION_DISCONNECT
ADDED from [AyandapPlumble.libraries:Jumble:unspecified] AndroidManifest.xml:34:13-37:29
action#com.morlunk.jumble.ACTION_CONNECT
ADDED from [AyandapPlumble.libraries:Jumble:unspecified] AndroidManifest.xml:35:17-76
	android:name
		ADDED from [AyandapPlumble.libraries:Jumble:unspecified] AndroidManifest.xml:35:25-73
action#com.morlunk.jumble.ACTION_DISCONNECT
ADDED from [AyandapPlumble.libraries:Jumble:unspecified] AndroidManifest.xml:36:17-79
	android:name
		ADDED from [AyandapPlumble.libraries:Jumble:unspecified] AndroidManifest.xml:36:25-76
meta-data#android.support.VERSION
ADDED from [com.android.support:cardview-v7:25.3.1] AndroidManifest.xml:22:5-24:34
MERGED from [com.android.support:palette-v7:25.3.1] AndroidManifest.xml:22:5-24:34
MERGED from [com.android.support:design:25.3.1] AndroidManifest.xml:25:5-27:34
MERGED from [com.android.support:appcompat-v7:25.3.1] AndroidManifest.xml:25:5-27:34
MERGED from [com.android.support:animated-vector-drawable:25.3.1] AndroidManifest.xml:22:5-24:34
MERGED from [com.android.support:support-vector-drawable:25.3.1] AndroidManifest.xml:22:5-24:34
MERGED from [com.android.support:recyclerview-v7:25.3.1] AndroidManifest.xml:22:5-24:34
MERGED from [com.android.support:transition:25.3.1] AndroidManifest.xml:22:5-24:34
MERGED from [com.android.support:support-v4:25.3.1] AndroidManifest.xml:25:5-27:34
MERGED from [com.android.support:support-fragment:25.3.1] AndroidManifest.xml:25:5-27:34
MERGED from [com.android.support:support-media-compat:25.3.1] AndroidManifest.xml:25:5-27:34
MERGED from [com.android.support:support-core-ui:25.3.1] AndroidManifest.xml:25:5-27:34
MERGED from [com.android.support:support-core-utils:25.3.1] AndroidManifest.xml:25:5-27:34
MERGED from [com.android.support:support-compat:25.3.1] AndroidManifest.xml:25:5-27:34
	android:value
		ADDED from [com.android.support:cardview-v7:25.3.1] AndroidManifest.xml:24:9-31
	android:name
		ADDED from [com.android.support:cardview-v7:25.3.1] AndroidManifest.xml:23:9-47